<?xml version="1.0" encoding="UTF-8"?>
<!-- Generated by org.testng.reporters.JUnitReportReporter -->
<testsuite hostname="sony" failures="0" tests="3" name="module2.Assignment1" time="172.811" errors="0" timestamp="2021-07-13T01:29:52 IST" skipped="0">
  <testcase classname="module2.Assignment1" name="ie" time="68.186"/>
  <system-out/>
  <testcase classname="module2.Assignment1" name="chrome" time="28.096"/>
  <system-out/>
  <testcase classname="module2.Assignment1" name="mozilla" time="76.529"/>
  <system-out/>
</testsuite> <!-- module2.Assignment1 -->
