<?xml version="1.0" encoding="UTF-8"?>
<!-- Generated by org.testng.reporters.JUnitReportReporter -->
<testsuite hostname="sony" failures="0" tests="1" name="module8.SaucePageLogin" time="8.332" errors="0" timestamp="2021-07-24T03:32:09 IST" skipped="0">
  <testcase classname="module8.SaucePageLogin" name="Login" time="8.332"/>
  <system-out/>
</testsuite> <!-- module8.SaucePageLogin -->
