<?xml version="1.0" encoding="UTF-8"?>
<!-- Generated by org.testng.reporters.JUnitReportReporter -->
<testsuite hostname="sony" failures="0" tests="2" name="module9.SauceDemo3" time="13.726" errors="0" timestamp="2021-08-14T02:07:18 IST" skipped="0">
  <testcase classname="module9.SauceDemo3" name="Details" time="7.756"/>
  <system-out/>
  <testcase classname="module9.SauceDemo3" name="Details" time="5.970"/>
  <system-out/>
</testsuite> <!-- module9.SauceDemo3 -->
