<?xml version="1.0" encoding="UTF-8"?>
<!-- Generated by org.testng.reporters.JUnitReportReporter -->
<testsuite hostname="sony" failures="0" tests="1" name="module9.SauceLogin1" time="7.625" errors="0" timestamp="2021-08-09T01:02:37 IST" skipped="0">
  <testcase classname="module9.SauceLogin1" name="Details" time="7.625"/>
  <system-out/>
</testsuite> <!-- module9.SauceLogin1 -->
