<?xml version="1.0" encoding="UTF-8"?>
<!-- Generated by org.testng.reporters.JUnitReportReporter -->
<testsuite hostname="sony" failures="0" tests="1" name="module9.SauceLogin4" time="7.119" errors="0" timestamp="2021-08-09T01:01:11 IST" skipped="0">
  <testcase classname="module9.SauceLogin4" name="Login" time="7.119"/>
  <system-out/>
</testsuite> <!-- module9.SauceLogin4 -->
